<?xml version="1.0" encoding="UTF-8"?>
<!-- Generated by org.testng.reporters.JUnitReportReporter -->
<testsuite hostname="azharkadri-HP-Laptop-15-bs0xx" failures="0" tests="4" name="com.trubees.qa.TruebeesUnitTesting4" time="0.006" errors="0" timestamp="2020-02-04T21:26:10 IST" skipped="0">
  <testcase classname="com.trubees.qa.TruebeesUnitTesting4" name="mul" time="0.002"/>
  <system-out>
mul test script passed  </system-out>
  <testcase classname="com.trubees.qa.TruebeesUnitTesting4" name="div" time="0.001"/>
  <system-out>
div test script passed  </system-out>
  <testcase classname="com.trubees.qa.TruebeesUnitTesting4" name="add" time="0.001"/>
  <system-out>
add test script passed  </system-out>
  <testcase classname="com.trubees.qa.TruebeesUnitTesting4" name="sub" time="0.002"/>
  <system-out>
sub test script passed  </system-out>
</testsuite> <!-- com.trubees.qa.TruebeesUnitTesting4 -->
